<?xml version="1.0" encoding="UTF-8"?>
<!-- Generated by org.testng.reporters.JUnitReportReporter -->
<testsuite hostname="DESKTOP-VGAEEUP" failures="0" tests="1" name="com.parameter.Parameter" time="85.117" errors="0" timestamp="2023-10-05T12:13:54 IST" skipped="0">
  <testcase classname="com.parameter.Parameter" name="actiTimeTest" time="85.117"/>
</testsuite> <!-- com.parameter.Parameter -->
