<?xml version="1.0" encoding="UTF-8"?>
<!-- Generated by org.testng.reporters.JUnitReportReporter -->
<testsuite hostname="DESKTOP-VGAEEUP" failures="0" tests="5" name="com.test.Test1" time="0.160" errors="0" timestamp="2023-09-29T20:58:53 IST" skipped="0">
  <testcase classname="com.test.Test1" name="homePageTest" time="0.018"/>
  <testcase classname="com.test.Test1" name="userTest" time="0.036"/>
  <testcase classname="com.test.Test1" name="loginTest" time="0.054"/>
  <testcase classname="com.test.Test1" name="taskTest" time="0.037"/>
  <testcase classname="com.test.Test1" name="ReportTest" time="0.015"/>
</testsuite> <!-- com.test.Test1 -->
