<?xml version="1.0" encoding="UTF-8"?>
<!-- Generated by org.testng.reporters.JUnitReportReporter -->
<testsuite hostname="DESKTOP-VGAEEUP" failures="0" tests="5" name="com.assignments.UiTesting" time="281.181" errors="0" timestamp="2024-05-09T20:50:14 IST" skipped="0">
  <testcase classname="com.assignments.UiTesting" name="getcalley" time="102.308"/>
  <testcase classname="com.assignments.UiTesting" name="getcalley5" time="39.261"/>
  <testcase classname="com.assignments.UiTesting" name="getcalley4" time="43.672"/>
  <testcase classname="com.assignments.UiTesting" name="getcalley2" time="58.939"/>
  <testcase classname="com.assignments.UiTesting" name="getcalley3" time="37.001"/>
</testsuite> <!-- com.assignments.UiTesting -->
