<?xml version="1.0" encoding="UTF-8"?>
<!-- Generated by org.testng.reporters.JUnitReportReporter -->
<testsuite hostname="DESKTOP-VGAEEUP" failures="0" tests="2" name="com.test.TitleTime" time="156.395" errors="0" timestamp="2023-10-03T23:39:55 IST" skipped="0">
  <testcase classname="com.test.TitleTime" name="login" time="134.904"/>
  <testcase classname="com.test.TitleTime" name="userNameEnable" time="21.491"/>
</testsuite> <!-- com.test.TitleTime -->
