<?xml version="1.0" encoding="UTF-8"?>
<!-- Generated by org.testng.reporters.JUnitReportReporter -->
<testsuite hostname="DESKTOP-VGAEEUP" failures="0" tests="5" name="com.assignments.UiTestingfirefox" time="495.918" errors="0" timestamp="2024-05-09T21:21:27 IST" skipped="0">
  <testcase classname="com.assignments.UiTestingfirefox" name="getcalley4" time="55.077"/>
  <testcase classname="com.assignments.UiTestingfirefox" name="getcalley" time="182.135"/>
  <testcase classname="com.assignments.UiTestingfirefox" name="getcalley2" time="140.377"/>
  <testcase classname="com.assignments.UiTestingfirefox" name="getcalley5" time="55.226"/>
  <testcase classname="com.assignments.UiTestingfirefox" name="getcalley3" time="63.103"/>
</testsuite> <!-- com.assignments.UiTestingfirefox -->
