<?xml version="1.0" encoding="UTF-8"?>
<!-- Generated by org.testng.reporters.JUnitReportReporter -->
<testsuite hostname="DESKTOP-VGAEEUP" failures="0" tests="6" name="com.test.ActiTimeTest" time="122.454" errors="0" timestamp="2023-10-03T23:44:18 IST" skipped="0">
  <testcase classname="com.test.ActiTimeTest" name="ActiTimeTitle" time="20.401">
    <system-out>
      <![CDATA[actiTIME - Login]]>
    </system-out>
  </testcase> <!-- ActiTimeTitle -->
  <testcase classname="com.test.ActiTimeTest" name="username" time="19.015"/>
  <testcase classname="com.test.ActiTimeTest" name="test1" time="17.175"/>
  <testcase classname="com.test.ActiTimeTest" name="test2" time="19.562"/>
  <testcase classname="com.test.ActiTimeTest" name="test3" time="18.092"/>
  <testcase classname="com.test.ActiTimeTest" name="test4" time="28.209"/>
  <system-out>
    <![CDATA[actiTIME - Login]]>
  </system-out>
</testsuite> <!-- com.test.ActiTimeTest -->
