<?xml version="1.0" encoding="UTF-8"?>
<!-- Generated by org.testng.reporters.JUnitReportReporter -->
<testsuite hostname="DESKTOP-VGAEEUP" failures="0" tests="1" name="com.test.Invocation" time="0.120" errors="1" timestamp="2023-09-29T12:24:39 IST" skipped="0">
  <testcase classname="com.test.Invocation" name="infiniteLoop" time="0.120">
    <error message="Method com.test.Invocation.infiniteLoop() didn&#039;t finish within the time-out 1" type="org.testng.internal.thread.ThreadTimeoutException">
      <![CDATA[org.testng.internal.thread.ThreadTimeoutException: Method com.test.Invocation.infiniteLoop() didn't finish within the time-out 1
at java.base@17.0.5/java.io.BufferedWriter.flushBuffer(BufferedWriter.java:117)
at java.base@17.0.5/java.io.PrintStream.writeln(PrintStream.java:722)
at java.base@17.0.5/java.io.PrintStream.println(PrintStream.java:938)
at app//com.test.Invocation.infiniteLoop(Invocation.java:13)
at java.base@17.0.5/jdk.internal.reflect.NativeMethodAccessorImpl.invoke0(Native Method)
at java.base@17.0.5/jdk.internal.reflect.NativeMethodAccessorImpl.invoke(NativeMethodAccessorImpl.java:77)
at java.base@17.0.5/jdk.internal.reflect.DelegatingMethodAccessorImpl.invoke(DelegatingMethodAccessorImpl.java:43)
at java.base@17.0.5/java.lang.reflect.Method.invoke(Method.java:568)
at app//org.testng.internal.invokers.MethodInvocationHelper.invokeMethod(MethodInvocationHelper.java:139)
at app//org.testng.internal.invokers.InvokeMethodRunnable.runOne(InvokeMethodRunnable.java:47)
at app//org.testng.internal.invokers.InvokeMethodRunnable.call(InvokeMethodRunnable.java:73)
at app//org.testng.internal.invokers.InvokeMethodRunnable.call(InvokeMethodRunnable.java:11)
at java.base@17.0.5/java.util.concurrent.FutureTask.run(FutureTask.java:264)
at java.base@17.0.5/java.util.concurrent.ThreadPoolExecutor.runWorker(ThreadPoolExecutor.java:1136)
at java.base@17.0.5/java.util.concurrent.ThreadPoolExecutor$Worker.run(ThreadPoolExecutor.java:635)
at java.base@17.0.5/java.lang.Thread.run(Thread.java:833)
]]>
    </error>
  </testcase> <!-- infiniteLoop -->
</testsuite> <!-- com.test.Invocation -->
